<?xml version="1.0" encoding="UTF-8"?><testsuite errors="1" failures="0" name="Agregar y quitar registros en la web table de la opcion de Elements en la aplicacion web de DemoQA" skipped="0" tests="1" time="12.95" timestamp="2022-12-08 03:49:04"><testcase name="Agregar y quitar registros en la web tables de manera exitosa"><error type="java.lang.NullPointerException"/><system-err>null&#13;
Util.FillForm.firstname(FillForm.java:14)&#13;
Task.FullData.performAs(FullData.java:24)&#13;
co.com.demoqa.StepDefinitions.reto.Flujo1Step.guardaLosDatosDelFormularioDiligenciado(Flujo1Step.java:47)&#13;
cucumber.runner.Runner.runPickle(Runner.java:80)&#13;
worker.org.gradle.process.internal.worker.GradleWorkerMain.run(GradleWorkerMain.java:69)&#13;
worker.org.gradle.process.internal.worker.GradleWorkerMain.main(GradleWorkerMain.java:74)&#13;
</system-err></testcase></testsuite>