<?xml version="1.0" encoding="UTF-8"?><testsuite errors="1" failures="0" name="Agregar fechas en el Date Picker de la opcion de Widgets en la aplicacion web de DemoQA" skipped="0" tests="1" time="14.56" timestamp="2022-12-09 06:42:55"><testcase name="Agregar fechas en el Date Picker de la opcion de Widgets de manera exitosa"><error message="element click intercepted: Element &lt;div class=&quot;react-datepicker__day react-datepicker__day--0...&quot; tabindex=&quot;-1&quot; aria-label=&quot;Choose Thursday, December 15th, 2022&quot; role=&quot;option&quot; aria-disabled=&quot;false&quot;&gt;15&lt;/div&gt; is not clickable at point (742, 594). Other element would receive the click: &lt;div&gt;...&lt;/div&gt;&#10;  (Session info: chrome=108.0.5359.99)&#10;Build info: version: '3.141.59', revision: 'e82be7d358', time: '2018-11-14T08:17:03'&#10;System info: host: 'DESKTOP-F0UH65J', ip: '192.168.1.4', os.name: 'Windows 10', os.arch: 'amd64', os.version: '10.0', java.version: '1.8.0_352'&#10;Driver info: org.openqa.selenium.chrome.ChromeDriver&#10;Capabilities {acceptInsecureCerts: false, browserName: chrome, browserVersion: 108.0.5359.99, chrome: {chromedriverVersion: 108.0.5359.71 (1e0e3868ee06..., userDataDir: C:\Users\CARLOS\AppData\Loc...}, goog:chromeOptions: {debuggerAddress: localhost:54724}, javascriptEnabled: true, networkConnectionEnabled: false, pageLoadStrategy: normal, platform: WINDOWS, platformName: WINDOWS, proxy: Proxy(), setWindowRect: true, strictFileInteractability: false, timeouts: {implicit: 0, pageLoad: 300000, script: 30000}, unhandledPromptBehavior: ignore, webauthn:extension:credBlob: true, webauthn:extension:largeBlob: true, webauthn:virtualAuthenticators: true}&#10;Session ID: 703042b9e4677290ebd7d2fe48f936eb" type="org.openqa.selenium.ElementClickInterceptedException">element click intercepted: Element &lt;div class="react-datepicker__day react-datepicker__day--0..." tabindex="-1" aria-label="Choose Thursday, December 15th, 2022" role="option" aria-disabled="false"&gt;15&lt;/div&gt; is not clickable at point (742, 594). Other element would receive the click: &lt;div&gt;...&lt;/div&gt;
  (Session info: chrome=108.0.5359.99)
Build info: version: '3.141.59', revision: 'e82be7d358', time: '2018-11-14T08:17:03'
System info: host: 'DESKTOP-F0UH65J', ip: '192.168.1.4', os.name: 'Windows 10', os.arch: 'amd64', os.version: '10.0', java.version: '1.8.0_352'
Driver info: org.openqa.selenium.chrome.ChromeDriver
Capabilities {acceptInsecureCerts: false, browserName: chrome, browserVersion: 108.0.5359.99, chrome: {chromedriverVersion: 108.0.5359.71 (1e0e3868ee06..., userDataDir: C:\Users\CARLOS\AppData\Loc...}, goog:chromeOptions: {debuggerAddress: localhost:54724}, javascriptEnabled: true, networkConnectionEnabled: false, pageLoadStrategy: normal, platform: WINDOWS, platformName: WINDOWS, proxy: Proxy(), setWindowRect: true, strictFileInteractability: false, timeouts: {implicit: 0, pageLoad: 300000, script: 30000}, unhandledPromptBehavior: ignore, webauthn:extension:credBlob: true, webauthn:extension:largeBlob: true, webauthn:virtualAuthenticators: true}
Session ID: 703042b9e4677290ebd7d2fe48f936eb</error><system-err>element click intercepted: Element &lt;div class="react-datepicker__day react-datepicker__day--0..." tabindex="-1" aria-label="Choose Thursday, December 15th, 2022" role="option" aria-disabled="false"&gt;15&lt;/div&gt; is not clickable at point (742, 594). Other element would receive the click: &lt;div&gt;...&lt;/div&gt;
  (Session info: chrome=108.0.5359.99)
Build info: version: '3.141.59', revision: 'e82be7d358', time: '2018-11-14T08:17:03'
System info: host: 'DESKTOP-F0UH65J', ip: '192.168.1.4', os.name: 'Windows 10', os.arch: 'amd64', os.version: '10.0', java.version: '1.8.0_352'
Driver info: org.openqa.selenium.chrome.ChromeDriver
Capabilities {acceptInsecureCerts: false, browserName: chrome, browserVersion: 108.0.5359.99, chrome: {chromedriverVersion: 108.0.5359.71 (1e0e3868ee06..., userDataDir: C:\Users\CARLOS\AppData\Loc...}, goog:chromeOptions: {debuggerAddress: localhost:54724}, javascriptEnabled: true, networkConnectionEnabled: false, pageLoadStrategy: normal, platform: WINDOWS, platformName: WINDOWS, proxy: Proxy(), setWindowRect: true, strictFileInteractability: false, timeouts: {implicit: 0, pageLoad: 300000, script: 30000}, unhandledPromptBehavior: ignore, webauthn:extension:credBlob: true, webauthn:extension:largeBlob: true, webauthn:virtualAuthenticators: true}
Session ID: 703042b9e4677290ebd7d2fe48f936eb&#13;
Interactions.ClickDateTime.performAs(ClickDateTime.java:12)&#13;
co.com.demoqa.StepDefinitions.reto.Flujo2Step.seleccionaUnaFechaYHoraExitosamente(Flujo2Step.java:56)&#13;
cucumber.runner.Runner.runPickle(Runner.java:80)&#13;
worker.org.gradle.process.internal.worker.GradleWorkerMain.run(GradleWorkerMain.java:69)&#13;
worker.org.gradle.process.internal.worker.GradleWorkerMain.main(GradleWorkerMain.java:74)&#13;
</system-err></testcase></testsuite>