<?xml version="1.0" encoding="UTF-8"?><testsuite errors="1" failures="0" name="co.com.demoqa.Runners.reto.ParaTest" skipped="0" tests="1" time="7.42" timestamp="2022-12-10 05:53:42"><testcase classname="co.com.demoqa.Runners.reto.ParaTest" name="Should user sign up successfully when she fill the form"><error type="java.lang.NullPointerException"/><system-err>null&#13;
Util.FillForm.firstname(FillForm.java:14)&#13;
Task.FullData.performAs(FullData.java:23)&#13;
co.com.demoqa.StepDefinitions.reto.Flujo1Step.guardaLosDatosDelFormularioDiligenciado(Flujo1Step.java:57)&#13;
co.com.demoqa.Runners.reto.ParaTest.should_UserSignUpSuccessfully_When_She_FillTheForm(ParaTest.java:48)&#13;
worker.org.gradle.process.internal.worker.GradleWorkerMain.run(GradleWorkerMain.java:69)&#13;
worker.org.gradle.process.internal.worker.GradleWorkerMain.main(GradleWorkerMain.java:74)&#13;
</system-err></testcase></testsuite>